<?xml version="1.0" encoding="UTF-8"?>
<testng-results skipped="0" failed="0" total="5" passed="5">
  <reporter-output>
  </reporter-output>
  <suite name="eBaySDK" duration-ms="53218" started-at="2020-11-28T08:08:22Z" finished-at="2020-11-28T08:09:15Z">
    <groups>
    </groups>
    <test name="smoke" duration-ms="40123" started-at="2020-11-28T08:08:22Z" finished-at="2020-11-28T08:09:02Z">
      <class name="testcases.LoanPageTest">
        <test-method status="PASS" signature="setup()[pri:0, instance:testcases.LoanPageTest@340fab]" name="setup" is-config="true" duration-ms="8107" started-at="2020-11-28T13:38:22Z" finished-at="2020-11-28T13:38:30Z">
          <reporter-output>
          </reporter-output>
        </test-method> <!-- setup -->
        <test-method status="PASS" signature="setup()[pri:0, instance:testcases.PIITest@1474c6c]" name="setup" is-config="true" duration-ms="8" started-at="2020-11-28T13:38:30Z" finished-at="2020-11-28T13:38:30Z">
          <reporter-output>
          </reporter-output>
        </test-method> <!-- setup -->
        <test-method status="PASS" signature="verify_pagetitle()[pri:0, instance:testcases.LoanPageTest@340fab]" name="verify_pagetitle" duration-ms="25" started-at="2020-11-28T13:38:30Z" finished-at="2020-11-28T13:38:30Z">
          <reporter-output>
          </reporter-output>
        </test-method> <!-- verify_pagetitle -->
        <test-method status="PASS" signature="verify_pagelogo()[pri:0, instance:testcases.LoanPageTest@340fab]" name="verify_pagelogo" duration-ms="10801" started-at="2020-11-28T13:38:30Z" finished-at="2020-11-28T13:38:41Z">
          <reporter-output>
          </reporter-output>
        </test-method> <!-- verify_pagelogo -->
        <test-method status="PASS" signature="verify_txtloanamount()[pri:0, instance:testcases.LoanPageTest@340fab]" name="verify_txtloanamount" duration-ms="2362" started-at="2020-11-28T13:38:41Z" finished-at="2020-11-28T13:38:43Z">
          <reporter-output>
          </reporter-output>
        </test-method> <!-- verify_txtloanamount -->
        <test-method status="PASS" signature="teardown()[pri:0, instance:testcases.LoanPageTest@340fab]" name="teardown" is-config="true" duration-ms="0" started-at="2020-11-28T13:39:02Z" finished-at="2020-11-28T13:39:02Z">
          <reporter-output>
          </reporter-output>
        </test-method> <!-- teardown -->
        <test-method status="PASS" signature="teardown()[pri:0, instance:testcases.PIITest@1474c6c]" name="teardown" is-config="true" duration-ms="0" started-at="2020-11-28T13:39:02Z" finished-at="2020-11-28T13:39:02Z">
          <reporter-output>
          </reporter-output>
        </test-method> <!-- teardown -->
      </class> <!-- testcases.LoanPageTest -->
      <class name="testcases.PIITest">
        <test-method status="PASS" signature="verifyPIIDetails()[pri:0, instance:testcases.PIITest@1474c6c]" name="verifyPIIDetails" duration-ms="18791" started-at="2020-11-28T13:38:43Z" finished-at="2020-11-28T13:39:02Z">
          <reporter-output>
          </reporter-output>
        </test-method> <!-- verifyPIIDetails -->
      </class> <!-- testcases.PIITest -->
    </test> <!-- smoke -->
    <test name="BII" duration-ms="13054" started-at="2020-11-28T08:09:02Z" finished-at="2020-11-28T08:09:15Z">
      <class name="testcases.BIITest">
        <test-method status="PASS" signature="setup()[pri:0, instance:testcases.BIITest@a4a92b]" name="setup" is-config="true" duration-ms="8" started-at="2020-11-28T13:39:02Z" finished-at="2020-11-28T13:39:02Z">
          <reporter-output>
          </reporter-output>
        </test-method> <!-- setup -->
        <test-method status="PASS" signature="verifySubmitLoanApplication()[pri:0, instance:testcases.BIITest@a4a92b]" name="verifySubmitLoanApplication" duration-ms="13044" started-at="2020-11-28T13:39:02Z" finished-at="2020-11-28T13:39:15Z">
          <reporter-output>
          </reporter-output>
        </test-method> <!-- verifySubmitLoanApplication -->
      </class> <!-- testcases.BIITest -->
    </test> <!-- BII -->
  </suite> <!-- eBaySDK -->
</testng-results>
