<?xml version="1.0" encoding="UTF-8"?>
<!-- Generated by org.testng.reporters.JUnitXMLReporter -->
<testsuite hostname="Kang" name="Default test" tests="3" failures="0" timestamp="26 Nov 2020 16:06:17 GMT" time="26.661" errors="0">
  <testcase name="verify_pagetitle" time="0.015" classname="testcases.LoanPageTest"/>
  <testcase name="verify_pagelogo" time="10.053" classname="testcases.LoanPageTest"/>
  <testcase name="verify_txtloanamount" time="2.902" classname="testcases.LoanPageTest"/>
</testsuite> <!-- Default test -->
