<?xml version="1.0" encoding="UTF-8"?>
<!-- Generated by org.testng.reporters.JUnitXMLReporter -->
<testsuite hostname="Kang" name="smoke" tests="4" failures="0" timestamp="28 Nov 2020 08:09:02 GMT" time="40.123" errors="0">
  <testcase name="verify_pagetitle" time="0.025" classname="testcases.LoanPageTest"/>
  <testcase name="verify_pagelogo" time="10.801" classname="testcases.LoanPageTest"/>
  <testcase name="verify_txtloanamount" time="2.362" classname="testcases.LoanPageTest"/>
  <testcase name="verifyPIIDetails" time="18.791" classname="testcases.PIITest"/>
</testsuite> <!-- smoke -->
